<?xml version="1.0" encoding="UTF-8"?>
<!-- Generated by org.testng.reporters.JUnitReportReporter -->
<testsuite skipped="0" hostname="DESKTOP-3K2KKHQ" name="testingPackage.TestCases" tests="1" failures="0" timestamp="09 Jun 2019 13:05:24 GMT" time="3.665" errors="0">
  <testcase name="f" time="3.665" classname="testingPackage.TestCases"/>
</testsuite> <!-- testingPackage.TestCases -->
